<?xml version="1.0" encoding="UTF-8"?>
<!-- Generated by org.testng.reporters.JUnitXMLReporter -->
<testsuite ignored="0" hostname="LAPTOP-477EAM08" failures="1" tests="6" name="RegressionTest_AgagCMS" time="235.175" errors="0" timestamp="28 Jan 2022 02:54:06 GMT">
  <testcase classname="com.bhicmspkg.Tests.LoginTest" name="@AfterMethod Logout" time="27.896">
    <failure type="org.openqa.selenium.NoSuchElementException" message="Cannot locate an element using xpath=//a//img[contains(@src,&amp;apos;/themes/jpvcms/images/avatar.png&amp;apos;)]
For documentation on this error, please visit: https://www.seleniumhq.org/exceptions/no_such_element.html
Build info: version: &amp;apos;3.141.59&amp;apos;, revision: &amp;apos;e82be7d358&amp;apos;, time: &amp;apos;2018-11-14T08:17:03&amp;apos;
System info: host: &amp;apos;LAPTOP-477EAM08&amp;apos;, ip: &amp;apos;192.168.1.6&amp;apos;, os.name: &amp;apos;Windows 10&amp;apos;, os.arch: &amp;apos;amd64&amp;apos;, os.version: &amp;apos;10.0&amp;apos;, java.version: &amp;apos;15.0.1&amp;apos;
Driver info: driver.version: RemoteWebDriver">
      <![CDATA[org.openqa.selenium.NoSuchElementException: Cannot locate an element using xpath=//a//img[contains(@src,'/themes/jpvcms/images/avatar.png')]
For documentation on this error, please visit: https://www.seleniumhq.org/exceptions/no_such_element.html
Build info: version: '3.141.59', revision: 'e82be7d358', time: '2018-11-14T08:17:03'
System info: host: 'LAPTOP-477EAM08', ip: '192.168.1.6', os.name: 'Windows 10', os.arch: 'amd64', os.version: '10.0', java.version: '15.0.1'
Driver info: driver.version: RemoteWebDriver
at org.openqa.selenium.remote.RemoteWebDriver.findElement(RemoteWebDriver.java:327)
at org.openqa.selenium.remote.RemoteWebDriver.findElementByXPath(RemoteWebDriver.java:428)
at org.openqa.selenium.By$ByXPath.findElement(By.java:353)
at org.openqa.selenium.remote.RemoteWebDriver.findElement(RemoteWebDriver.java:315)
at com.bhicmspkg.Pages.LogoutPage.clickusericon(LogoutPage.java:37)
at com.bhicmspkg.Tests.LoginTest.Logout(LoginTest.java:57)
... Removed 28 stack frames]]>
    </failure>
  </testcase> <!-- @AfterMethod Logout -->
  <testcase classname="com.bhicmspkg.TestBase.TestBase" name="@AfterClass teardown" time="0.0">
    <skipped/>
  </testcase> <!-- @AfterClass teardown -->
  <testcase classname="com.bhicmspkg.Tests.LoginTest" name="Login" time="10.612"/>
  <testcase classname="com.bhicmspkg.Tests.LoginTest" name="Verifytitle" time="0.027">
    <failure type="java.lang.AssertionError" message="Expected and actual title is different. expected [true] but found [false]">
      <![CDATA[java.lang.AssertionError: Expected and actual title is different. expected [true] but found [false]
at com.bhicmspkg.Tests.LoginTest.Verifytitle(LoginTest.java:49)
... Removed 28 stack frames]]>
    </failure>
  </testcase> <!-- Verifytitle -->
  <testcase classname="com.bhicmspkg.Tests.UserCreationTest" name="Usercreation" time="14.151"/>
  <testcase classname="com.bhicmspkg.Tests.CompanycreationTest" name="CreateCompany" time="26.397"/>
  <testcase classname="com.bhicmspkg.Tests.ClientCreationTest" name="ClientCreation" time="30.458"/>
  <testcase classname="com.bhicmspkg.Tests.CreateProjectTest" name="Projectcreation" time="34.738"/>
</testsuite> <!-- RegressionTest_AgagCMS -->
